H:\PC-MCUS\SERIAL-MODIFY\SERIAL\COMM\DEBUG\COMM.PCH
H:\PC-MCUS\SERIAL-MODIFY\SERIAL\COMM\DEBUG\STDAFX.OBJ
H:\PC-MCUS\SERIAL-MODIFY\SERIAL\COMM\DEBUG\VC110.PDB
H:\PC-MCUS\SERIAL-MODIFY\SERIAL\COMM\DEBUG\COMM.OBJ
H:\PC-MCUS\SERIAL-MODIFY\SERIAL\COMM\DEBUG\COMMDLG.OBJ
H:\PC-MCUS\SERIAL-MODIFY\SERIAL\COMM\DEBUG\MYALGORITHM.OBJ
H:\PC-MCUS\SERIAL-MODIFY\SERIAL\COMM\DEBUG\SERIALPORT.OBJ
H:\PC-MCUS\SERIAL-MODIFY\SERIAL\COMM\DEBUG\DEBUG.OBJ
H:\充电桩\SERIAL-异步\SERIAL\COMM\DEBUG\COMM.PCH
H:\充电桩\SERIAL-异步\SERIAL\COMM\DEBUG\STDAFX.OBJ
H:\充电桩\SERIAL-异步\SERIAL\COMM\DEBUG\VC110.PDB
H:\充电桩\SERIAL-异步\SERIAL\COMM\DEBUG\COMM.OBJ
H:\充电桩\SERIAL-异步\SERIAL\COMM\DEBUG\COMMDLG.OBJ
H:\充电桩\SERIAL-异步\SERIAL\COMM\DEBUG\MYALGORITHM.OBJ
H:\充电桩\SERIAL-异步\SERIAL\COMM\DEBUG\SERIALPORT.OBJ
H:\充电桩\SERIAL-异步\SERIAL\COMM\DEBUG\DEBUG.OBJ
H:\充电桩\SERIAL-读写异步—成功\SERIAL\COMM\DEBUG\COMM.PCH
H:\充电桩\SERIAL-读写异步—成功\SERIAL\COMM\DEBUG\STDAFX.OBJ
H:\充电桩\SERIAL-读写异步—成功\SERIAL\COMM\DEBUG\VC110.PDB
H:\充电桩\SERIAL-读写异步—成功\SERIAL\COMM\DEBUG\COMM.OBJ
H:\充电桩\SERIAL-读写异步—成功\SERIAL\COMM\DEBUG\COMMDLG.OBJ
H:\充电桩\SERIAL-读写异步—成功\SERIAL\COMM\DEBUG\MYALGORITHM.OBJ
H:\充电桩\SERIAL-读写异步—成功\SERIAL\COMM\DEBUG\SERIALPORT.OBJ
H:\充电桩\SERIAL-读写异步—成功\SERIAL\COMM\DEBUG\DEBUG.OBJ
H:\充电桩\2019-01-21\SERIAL-写读\SERIAL\COMM\DEBUG\COMM.PCH
H:\充电桩\2019-01-21\SERIAL-写读\SERIAL\COMM\DEBUG\STDAFX.OBJ
H:\充电桩\2019-01-21\SERIAL-写读\SERIAL\COMM\DEBUG\VC110.PDB
H:\充电桩\2019-01-21\SERIAL-写读\SERIAL\COMM\DEBUG\COMM.OBJ
H:\充电桩\2019-01-21\SERIAL-写读\SERIAL\COMM\DEBUG\COMMDLG.OBJ
H:\充电桩\2019-01-21\SERIAL-写读\SERIAL\COMM\DEBUG\MYALGORITHM.OBJ
H:\充电桩\2019-01-21\SERIAL-写读\SERIAL\COMM\DEBUG\SERIALPORT.OBJ
H:\充电桩\2019-01-21\SERIAL-写读\SERIAL\COMM\DEBUG\DEBUG.OBJ
H:\PC-MCUS\SERIAL-MODIFY\SERIAL\DEBUG\COMM.ILK
H:\PC-MCUS\SERIAL-MODIFY\SERIAL\DEBUG\COMM.EXE
H:\PC-MCUS\SERIAL-MODIFY\SERIAL\DEBUG\COMM.PDB
H:\充电桩\SERIAL-异步\SERIAL\DEBUG\COMM.ILK
H:\充电桩\SERIAL-异步\SERIAL\DEBUG\COMM.EXE
H:\充电桩\SERIAL-异步\SERIAL\DEBUG\COMM.PDB
H:\充电桩\SERIAL-读写异步—成功\SERIAL\DEBUG\COMM.ILK
H:\充电桩\SERIAL-读写异步—成功\SERIAL\DEBUG\COMM.EXE
H:\充电桩\SERIAL-读写异步—成功\SERIAL\DEBUG\COMM.PDB
H:\充电桩\2019-01-21\SERIAL-写读\SERIAL\DEBUG\COMM.ILK
H:\充电桩\2019-01-21\SERIAL-写读\SERIAL\DEBUG\COMM.EXE
H:\充电桩\2019-01-21\SERIAL-写读\SERIAL\DEBUG\COMM.PDB
H:\PC-MCUS\SERIAL-MODIFY\SERIAL\COMM\DEBUG\COMM.RES
H:\充电桩\SERIAL-异步\SERIAL\COMM\DEBUG\COMM.RES
H:\充电桩\SERIAL-读写异步—成功\SERIAL\COMM\DEBUG\COMM.RES
H:\充电桩\2019-01-21\SERIAL-写读\SERIAL\COMM\DEBUG\COMM.RES
H:\充电桩\2019-01-21\Serial-写读\Serial\Comm\Debug\Comm.vcxprojResolveAssemblyReference.cache
H:\充电桩\2019-01-21\Serial-写读\Serial\Comm\Debug\Comm.obj
H:\充电桩\2019-01-21\Serial-写读\Serial\Comm\Debug\CommDlg.obj
H:\充电桩\2019-01-21\Serial-写读\Serial\Comm\Debug\debug.obj
H:\充电桩\2019-01-21\Serial-写读\Serial\Comm\Debug\myAlgorithm.obj
H:\充电桩\2019-01-21\Serial-写读\Serial\Comm\Debug\serialport.obj
H:\充电桩\2019-01-21\Serial-写读\Serial\Comm\Debug\stdafx.obj
H:\充电桩\2019-01-21\Serial-写读\Serial\Comm\Debug\cl.command.1.tlog
H:\充电桩\2019-01-21\Serial-写读\Serial\Comm\Debug\CL.read.1.tlog
H:\充电桩\2019-01-21\Serial-写读\Serial\Comm\Debug\CL.write.1.tlog
H:\充电桩\2019-01-21\Serial-写读\Serial\Comm\Debug\Comm.write.1.tlog
H:\充电桩\2019-01-21\Serial-写读\Serial\Comm\Debug\link-cvtres.read.1.tlog
H:\充电桩\2019-01-21\Serial-写读\Serial\Comm\Debug\link-cvtres.write.1.tlog
H:\充电桩\2019-01-21\Serial-写读\Serial\Comm\Debug\link-mt.read.1.tlog
H:\充电桩\2019-01-21\Serial-写读\Serial\Comm\Debug\link-mt.write.1.tlog
H:\充电桩\2019-01-21\Serial-写读\Serial\Comm\Debug\link-rc.read.1.tlog
H:\充电桩\2019-01-21\Serial-写读\Serial\Comm\Debug\link-rc.write.1.tlog
H:\充电桩\2019-01-21\Serial-写读\Serial\Comm\Debug\link.10140-cvtres.read.1.tlog
H:\充电桩\2019-01-21\Serial-写读\Serial\Comm\Debug\link.10140-cvtres.write.1.tlog
H:\充电桩\2019-01-21\Serial-写读\Serial\Comm\Debug\link.10140-mt.read.1.tlog
H:\充电桩\2019-01-21\Serial-写读\Serial\Comm\Debug\link.10140-mt.write.1.tlog
H:\充电桩\2019-01-21\Serial-写读\Serial\Comm\Debug\link.10140-rc.read.1.tlog
H:\充电桩\2019-01-21\Serial-写读\Serial\Comm\Debug\link.10140-rc.write.1.tlog
H:\充电桩\2019-01-21\Serial-写读\Serial\Comm\Debug\link.10140.read.1.tlog
H:\充电桩\2019-01-21\Serial-写读\Serial\Comm\Debug\link.10140.write.1.tlog
H:\充电桩\2019-01-21\Serial-写读\Serial\Comm\Debug\link.10200-cvtres.read.1.tlog
H:\充电桩\2019-01-21\Serial-写读\Serial\Comm\Debug\link.10200-cvtres.write.1.tlog
H:\充电桩\2019-01-21\Serial-写读\Serial\Comm\Debug\link.10200.read.1.tlog
H:\充电桩\2019-01-21\Serial-写读\Serial\Comm\Debug\link.10200.write.1.tlog
H:\充电桩\2019-01-21\Serial-写读\Serial\Comm\Debug\link.10648-cvtres.read.1.tlog
H:\充电桩\2019-01-21\Serial-写读\Serial\Comm\Debug\link.10648-cvtres.write.1.tlog
H:\充电桩\2019-01-21\Serial-写读\Serial\Comm\Debug\link.10648.read.1.tlog
H:\充电桩\2019-01-21\Serial-写读\Serial\Comm\Debug\link.10648.write.1.tlog
H:\充电桩\2019-01-21\Serial-写读\Serial\Comm\Debug\link.10664-cvtres.read.1.tlog
H:\充电桩\2019-01-21\Serial-写读\Serial\Comm\Debug\link.10664-cvtres.write.1.tlog
H:\充电桩\2019-01-21\Serial-写读\Serial\Comm\Debug\link.10664-mt.read.1.tlog
H:\充电桩\2019-01-21\Serial-写读\Serial\Comm\Debug\link.10664-mt.write.1.tlog
H:\充电桩\2019-01-21\Serial-写读\Serial\Comm\Debug\link.10664-rc.read.1.tlog
H:\充电桩\2019-01-21\Serial-写读\Serial\Comm\Debug\link.10664-rc.write.1.tlog
H:\充电桩\2019-01-21\Serial-写读\Serial\Comm\Debug\link.10664.read.1.tlog
H:\充电桩\2019-01-21\Serial-写读\Serial\Comm\Debug\link.10664.write.1.tlog
H:\充电桩\2019-01-21\Serial-写读\Serial\Comm\Debug\link.10796-cvtres.read.1.tlog
H:\充电桩\2019-01-21\Serial-写读\Serial\Comm\Debug\link.10796-cvtres.write.1.tlog
H:\充电桩\2019-01-21\Serial-写读\Serial\Comm\Debug\link.10796.read.1.tlog
H:\充电桩\2019-01-21\Serial-写读\Serial\Comm\Debug\link.10796.write.1.tlog
H:\充电桩\2019-01-21\Serial-写读\Serial\Comm\Debug\link.11184-cvtres.read.1.tlog
H:\充电桩\2019-01-21\Serial-写读\Serial\Comm\Debug\link.11184-cvtres.write.1.tlog
H:\充电桩\2019-01-21\Serial-写读\Serial\Comm\Debug\link.11184.read.1.tlog
H:\充电桩\2019-01-21\Serial-写读\Serial\Comm\Debug\link.11184.write.1.tlog
H:\充电桩\2019-01-21\Serial-写读\Serial\Comm\Debug\link.4592-cvtres.read.1.tlog
H:\充电桩\2019-01-21\Serial-写读\Serial\Comm\Debug\link.4592-cvtres.write.1.tlog
H:\充电桩\2019-01-21\Serial-写读\Serial\Comm\Debug\link.4592-mt.read.1.tlog
H:\充电桩\2019-01-21\Serial-写读\Serial\Comm\Debug\link.4592-mt.write.1.tlog
H:\充电桩\2019-01-21\Serial-写读\Serial\Comm\Debug\link.4592-rc.read.1.tlog
H:\充电桩\2019-01-21\Serial-写读\Serial\Comm\Debug\link.4592-rc.write.1.tlog
H:\充电桩\2019-01-21\Serial-写读\Serial\Comm\Debug\link.4592.read.1.tlog
H:\充电桩\2019-01-21\Serial-写读\Serial\Comm\Debug\link.4592.write.1.tlog
H:\充电桩\2019-01-21\Serial-写读\Serial\Comm\Debug\link.5324-cvtres.read.1.tlog
H:\充电桩\2019-01-21\Serial-写读\Serial\Comm\Debug\link.5324-cvtres.write.1.tlog
H:\充电桩\2019-01-21\Serial-写读\Serial\Comm\Debug\link.5324-mt.read.1.tlog
H:\充电桩\2019-01-21\Serial-写读\Serial\Comm\Debug\link.5324-mt.write.1.tlog
H:\充电桩\2019-01-21\Serial-写读\Serial\Comm\Debug\link.5324-rc.read.1.tlog
H:\充电桩\2019-01-21\Serial-写读\Serial\Comm\Debug\link.5324-rc.write.1.tlog
H:\充电桩\2019-01-21\Serial-写读\Serial\Comm\Debug\link.5324.read.1.tlog
H:\充电桩\2019-01-21\Serial-写读\Serial\Comm\Debug\link.5324.write.1.tlog
H:\充电桩\2019-01-21\Serial-写读\Serial\Comm\Debug\link.5548-cvtres.read.1.tlog
H:\充电桩\2019-01-21\Serial-写读\Serial\Comm\Debug\link.5548-cvtres.write.1.tlog
H:\充电桩\2019-01-21\Serial-写读\Serial\Comm\Debug\link.5548-mt.read.1.tlog
H:\充电桩\2019-01-21\Serial-写读\Serial\Comm\Debug\link.5548-mt.write.1.tlog
H:\充电桩\2019-01-21\Serial-写读\Serial\Comm\Debug\link.5548-rc.read.1.tlog
H:\充电桩\2019-01-21\Serial-写读\Serial\Comm\Debug\link.5548-rc.write.1.tlog
H:\充电桩\2019-01-21\Serial-写读\Serial\Comm\Debug\link.5548.read.1.tlog
H:\充电桩\2019-01-21\Serial-写读\Serial\Comm\Debug\link.5548.write.1.tlog
H:\充电桩\2019-01-21\Serial-写读\Serial\Comm\Debug\link.6472-cvtres.read.1.tlog
H:\充电桩\2019-01-21\Serial-写读\Serial\Comm\Debug\link.6472-cvtres.write.1.tlog
H:\充电桩\2019-01-21\Serial-写读\Serial\Comm\Debug\link.6472-mt.read.1.tlog
H:\充电桩\2019-01-21\Serial-写读\Serial\Comm\Debug\link.6472-mt.write.1.tlog
H:\充电桩\2019-01-21\Serial-写读\Serial\Comm\Debug\link.6472-rc.read.1.tlog
H:\充电桩\2019-01-21\Serial-写读\Serial\Comm\Debug\link.6472-rc.write.1.tlog
H:\充电桩\2019-01-21\Serial-写读\Serial\Comm\Debug\link.6472.read.1.tlog
H:\充电桩\2019-01-21\Serial-写读\Serial\Comm\Debug\link.6472.write.1.tlog
H:\充电桩\2019-01-21\Serial-写读\Serial\Comm\Debug\link.7196-cvtres.read.1.tlog
H:\充电桩\2019-01-21\Serial-写读\Serial\Comm\Debug\link.7196-cvtres.write.1.tlog
H:\充电桩\2019-01-21\Serial-写读\Serial\Comm\Debug\link.7196-mt.read.1.tlog
H:\充电桩\2019-01-21\Serial-写读\Serial\Comm\Debug\link.7196-mt.write.1.tlog
H:\充电桩\2019-01-21\Serial-写读\Serial\Comm\Debug\link.7196-rc.read.1.tlog
H:\充电桩\2019-01-21\Serial-写读\Serial\Comm\Debug\link.7196-rc.write.1.tlog
H:\充电桩\2019-01-21\Serial-写读\Serial\Comm\Debug\link.7196.read.1.tlog
H:\充电桩\2019-01-21\Serial-写读\Serial\Comm\Debug\link.7196.write.1.tlog
H:\充电桩\2019-01-21\Serial-写读\Serial\Comm\Debug\link.7592-cvtres.read.1.tlog
H:\充电桩\2019-01-21\Serial-写读\Serial\Comm\Debug\link.7592-cvtres.write.1.tlog
H:\充电桩\2019-01-21\Serial-写读\Serial\Comm\Debug\link.7592-mt.read.1.tlog
H:\充电桩\2019-01-21\Serial-写读\Serial\Comm\Debug\link.7592-mt.write.1.tlog
H:\充电桩\2019-01-21\Serial-写读\Serial\Comm\Debug\link.7592-rc.read.1.tlog
H:\充电桩\2019-01-21\Serial-写读\Serial\Comm\Debug\link.7592-rc.write.1.tlog
H:\充电桩\2019-01-21\Serial-写读\Serial\Comm\Debug\link.7592.read.1.tlog
H:\充电桩\2019-01-21\Serial-写读\Serial\Comm\Debug\link.7592.write.1.tlog
H:\充电桩\2019-01-21\Serial-写读\Serial\Comm\Debug\link.7636-cvtres.read.1.tlog
H:\充电桩\2019-01-21\Serial-写读\Serial\Comm\Debug\link.7636-cvtres.write.1.tlog
H:\充电桩\2019-01-21\Serial-写读\Serial\Comm\Debug\link.7636-mt.read.1.tlog
H:\充电桩\2019-01-21\Serial-写读\Serial\Comm\Debug\link.7636-mt.write.1.tlog
H:\充电桩\2019-01-21\Serial-写读\Serial\Comm\Debug\link.7636-rc.read.1.tlog
H:\充电桩\2019-01-21\Serial-写读\Serial\Comm\Debug\link.7636-rc.write.1.tlog
H:\充电桩\2019-01-21\Serial-写读\Serial\Comm\Debug\link.7636.read.1.tlog
H:\充电桩\2019-01-21\Serial-写读\Serial\Comm\Debug\link.7636.write.1.tlog
H:\充电桩\2019-01-21\Serial-写读\Serial\Comm\Debug\link.7684-cvtres.read.1.tlog
H:\充电桩\2019-01-21\Serial-写读\Serial\Comm\Debug\link.7684-cvtres.write.1.tlog
H:\充电桩\2019-01-21\Serial-写读\Serial\Comm\Debug\link.7684.read.1.tlog
H:\充电桩\2019-01-21\Serial-写读\Serial\Comm\Debug\link.7684.write.1.tlog
H:\充电桩\2019-01-21\Serial-写读\Serial\Comm\Debug\link.7748-cvtres.read.1.tlog
H:\充电桩\2019-01-21\Serial-写读\Serial\Comm\Debug\link.7748-cvtres.write.1.tlog
H:\充电桩\2019-01-21\Serial-写读\Serial\Comm\Debug\link.7748.read.1.tlog
H:\充电桩\2019-01-21\Serial-写读\Serial\Comm\Debug\link.7748.write.1.tlog
H:\充电桩\2019-01-21\Serial-写读\Serial\Comm\Debug\link.7796-cvtres.read.1.tlog
H:\充电桩\2019-01-21\Serial-写读\Serial\Comm\Debug\link.7796-cvtres.write.1.tlog
H:\充电桩\2019-01-21\Serial-写读\Serial\Comm\Debug\link.7796-mt.read.1.tlog
H:\充电桩\2019-01-21\Serial-写读\Serial\Comm\Debug\link.7796-mt.write.1.tlog
H:\充电桩\2019-01-21\Serial-写读\Serial\Comm\Debug\link.7796-rc.read.1.tlog
H:\充电桩\2019-01-21\Serial-写读\Serial\Comm\Debug\link.7796-rc.write.1.tlog
H:\充电桩\2019-01-21\Serial-写读\Serial\Comm\Debug\link.7796.read.1.tlog
H:\充电桩\2019-01-21\Serial-写读\Serial\Comm\Debug\link.7796.write.1.tlog
H:\充电桩\2019-01-21\Serial-写读\Serial\Comm\Debug\link.8044-cvtres.read.1.tlog
H:\充电桩\2019-01-21\Serial-写读\Serial\Comm\Debug\link.8044-cvtres.write.1.tlog
H:\充电桩\2019-01-21\Serial-写读\Serial\Comm\Debug\link.8044-mt.read.1.tlog
H:\充电桩\2019-01-21\Serial-写读\Serial\Comm\Debug\link.8044-mt.write.1.tlog
H:\充电桩\2019-01-21\Serial-写读\Serial\Comm\Debug\link.8044-rc.read.1.tlog
H:\充电桩\2019-01-21\Serial-写读\Serial\Comm\Debug\link.8044-rc.write.1.tlog
H:\充电桩\2019-01-21\Serial-写读\Serial\Comm\Debug\link.8044.read.1.tlog
H:\充电桩\2019-01-21\Serial-写读\Serial\Comm\Debug\link.8044.write.1.tlog
H:\充电桩\2019-01-21\Serial-写读\Serial\Comm\Debug\link.8124-cvtres.read.1.tlog
H:\充电桩\2019-01-21\Serial-写读\Serial\Comm\Debug\link.8124-cvtres.write.1.tlog
H:\充电桩\2019-01-21\Serial-写读\Serial\Comm\Debug\link.8124-mt.read.1.tlog
H:\充电桩\2019-01-21\Serial-写读\Serial\Comm\Debug\link.8124-mt.write.1.tlog
H:\充电桩\2019-01-21\Serial-写读\Serial\Comm\Debug\link.8124-rc.read.1.tlog
H:\充电桩\2019-01-21\Serial-写读\Serial\Comm\Debug\link.8124-rc.write.1.tlog
H:\充电桩\2019-01-21\Serial-写读\Serial\Comm\Debug\link.8124.read.1.tlog
H:\充电桩\2019-01-21\Serial-写读\Serial\Comm\Debug\link.8124.write.1.tlog
H:\充电桩\2019-01-21\Serial-写读\Serial\Comm\Debug\link.8544-cvtres.read.1.tlog
H:\充电桩\2019-01-21\Serial-写读\Serial\Comm\Debug\link.8544-cvtres.write.1.tlog
H:\充电桩\2019-01-21\Serial-写读\Serial\Comm\Debug\link.8544-mt.read.1.tlog
H:\充电桩\2019-01-21\Serial-写读\Serial\Comm\Debug\link.8544-mt.write.1.tlog
H:\充电桩\2019-01-21\Serial-写读\Serial\Comm\Debug\link.8544-rc.read.1.tlog
H:\充电桩\2019-01-21\Serial-写读\Serial\Comm\Debug\link.8544-rc.write.1.tlog
H:\充电桩\2019-01-21\Serial-写读\Serial\Comm\Debug\link.8544.read.1.tlog
H:\充电桩\2019-01-21\Serial-写读\Serial\Comm\Debug\link.8544.write.1.tlog
H:\充电桩\2019-01-21\Serial-写读\Serial\Comm\Debug\link.8636-cvtres.read.1.tlog
H:\充电桩\2019-01-21\Serial-写读\Serial\Comm\Debug\link.8636-cvtres.write.1.tlog
H:\充电桩\2019-01-21\Serial-写读\Serial\Comm\Debug\link.8636-mt.read.1.tlog
H:\充电桩\2019-01-21\Serial-写读\Serial\Comm\Debug\link.8636-mt.write.1.tlog
H:\充电桩\2019-01-21\Serial-写读\Serial\Comm\Debug\link.8636-rc.read.1.tlog
H:\充电桩\2019-01-21\Serial-写读\Serial\Comm\Debug\link.8636-rc.write.1.tlog
H:\充电桩\2019-01-21\Serial-写读\Serial\Comm\Debug\link.8636.read.1.tlog
H:\充电桩\2019-01-21\Serial-写读\Serial\Comm\Debug\link.8636.write.1.tlog
H:\充电桩\2019-01-21\Serial-写读\Serial\Comm\Debug\link.8976-cvtres.read.1.tlog
H:\充电桩\2019-01-21\Serial-写读\Serial\Comm\Debug\link.8976-cvtres.write.1.tlog
H:\充电桩\2019-01-21\Serial-写读\Serial\Comm\Debug\link.8976-mt.read.1.tlog
H:\充电桩\2019-01-21\Serial-写读\Serial\Comm\Debug\link.8976-mt.write.1.tlog
H:\充电桩\2019-01-21\Serial-写读\Serial\Comm\Debug\link.8976-rc.read.1.tlog
H:\充电桩\2019-01-21\Serial-写读\Serial\Comm\Debug\link.8976-rc.write.1.tlog
H:\充电桩\2019-01-21\Serial-写读\Serial\Comm\Debug\link.8976.read.1.tlog
H:\充电桩\2019-01-21\Serial-写读\Serial\Comm\Debug\link.8976.write.1.tlog
H:\充电桩\2019-01-21\Serial-写读\Serial\Comm\Debug\link.9808-cvtres.read.1.tlog
H:\充电桩\2019-01-21\Serial-写读\Serial\Comm\Debug\link.9808-cvtres.write.1.tlog
H:\充电桩\2019-01-21\Serial-写读\Serial\Comm\Debug\link.9808.read.1.tlog
H:\充电桩\2019-01-21\Serial-写读\Serial\Comm\Debug\link.9808.write.1.tlog
H:\充电桩\2019-01-21\Serial-写读\Serial\Comm\Debug\link.9980-cvtres.read.1.tlog
H:\充电桩\2019-01-21\Serial-写读\Serial\Comm\Debug\link.9980-cvtres.write.1.tlog
H:\充电桩\2019-01-21\Serial-写读\Serial\Comm\Debug\link.9980-mt.read.1.tlog
H:\充电桩\2019-01-21\Serial-写读\Serial\Comm\Debug\link.9980-mt.write.1.tlog
H:\充电桩\2019-01-21\Serial-写读\Serial\Comm\Debug\link.9980-rc.read.1.tlog
H:\充电桩\2019-01-21\Serial-写读\Serial\Comm\Debug\link.9980-rc.write.1.tlog
H:\充电桩\2019-01-21\Serial-写读\Serial\Comm\Debug\link.9980.read.1.tlog
H:\充电桩\2019-01-21\Serial-写读\Serial\Comm\Debug\link.9980.write.1.tlog
H:\充电桩\2019-01-21\Serial-写读\Serial\Comm\Debug\link.command.1.tlog
H:\充电桩\2019-01-21\Serial-写读\Serial\Comm\Debug\link.read.1.tlog
H:\充电桩\2019-01-21\Serial-写读\Serial\Comm\Debug\link.write.1.tlog
H:\充电桩\2019-01-21\Serial-写读\Serial\Comm\Debug\mt.command.1.tlog
H:\充电桩\2019-01-21\Serial-写读\Serial\Comm\Debug\mt.read.1.tlog
H:\充电桩\2019-01-21\Serial-写读\Serial\Comm\Debug\mt.write.1.tlog
H:\充电桩\2019-01-21\Serial-写读\Serial\Comm\Debug\rc.command.1.tlog
H:\充电桩\2019-01-21\Serial-写读\Serial\Comm\Debug\rc.read.1.tlog
H:\充电桩\2019-01-21\Serial-写读\Serial\Comm\Debug\rc.write.1.tlog
H:\充电桩\2019-01-21\Serial-写读\Serial\Comm\Debug\Comm.exe.embed.manifest
H:\充电桩\2019-01-21\Serial-写读\Serial\Comm\Debug\Comm.exe.intermediate.manifest
H:\充电桩\2019-01-21\Serial-写读\Serial\Comm\Debug\Comm.exe.embed.manifest.res
H:\充电桩\2019-01-21\Serial-写读\Serial\Comm\Debug\Comm.res
H:\充电桩\2019-01-21\Serial-写读\Serial\Comm\Debug\Comm.pch
H:\充电桩\2019-01-21\Serial-写读\Serial\Comm\Debug\vc100.idb
H:\充电桩\2019-01-21\Serial-写读\Serial\Comm\Debug\vc110.idb
H:\充电桩\2019-01-21\Serial-写读\Serial\Comm\Debug\vc100.pdb
H:\充电桩\2019-01-21\Serial-写读\Serial\Comm\Debug\vc110.pdb
H:\充电桩\2019-01-21\Serial-写读\Serial\Comm\Debug\Comm_manifest.rc
H:\充电桩\2019-01-21\Serial-写读\Serial\Debug\Comm.pdb
H:\充电桩\2019-01-21\Serial-写读\Serial\Debug\Comm.exe
H:\充电桩\2019-01-21\Serial-写读\Serial\Debug\Comm.ilk
